**********************
Windows PowerShell transcript start
Start time: 20200814212144
Username: RAANDREE2\randr
RunAs User: RAANDREE2\randr
Configuration Name: 
Machine: RAANDREE2 (Microsoft Windows NT 10.0.19041.0)
Host Application: C:\WINDOWS\System32\WindowsPowerShell\v1.0\powershell.exe
Process ID: 12944
PSVersion: 5.1.19041.1
PSEdition: Desktop
PSCompatibleVersions: 1.0, 2.0, 3.0, 4.0, 5.0, 5.1.19041.1
BuildVersion: 10.0.19041.1
CLRVersion: 4.0.30319.42000
WSManStackVersion: 3.0
PSRemotingProtocolVersion: 2.3
SerializationVersion: 1.1.0.1
**********************
Transcript started, output file is C:\Git\FiJea\DSC\BuildOutput\Logs\CompileRootConfiguration.log

---------------------------------------------------------------------------
DSCFile01 : DSCFile01 : MOF__0.0.0 NA
    DSCFile01 :  ::> JeaEndpoints ..................................................................OK
    DSCFile01 :  ::> JeaRoles ......................................................................OK
Successfully compiled 1 MOF files
**********************
Windows PowerShell transcript end
End time: 20200814212152
**********************
